<?xml version="1.0" encoding="UTF-8"?><testsuite name="nosetests" tests="1" errors="1" failures="0" skip="0"><testcase classname="recipes.tests.test_mpupet.MIPuppetMasterTest" name="test_update_master_server" time="0.003"><error type="exceptions.AttributeError" message="'StubbedInvocation' object has no attribute 'thenReturn'&#10;-------------------- &gt;&gt; begin captured logging &lt;&lt; --------------------&#10;django.db.backends: DEBUG: (0.001) SELECT &quot;recipes_data&quot;.&quot;id&quot;, &quot;recipes_data&quot;.&quot;key&quot;, &quot;recipes_data&quot;.&quot;value&quot; FROM &quot;recipes_data&quot; WHERE &quot;recipes_data&quot;.&quot;key&quot; = openstack_url ; args=('openstack_url',)&#10;django.db.backends: DEBUG: (0.000) SELECT &quot;recipes_data&quot;.&quot;id&quot;, &quot;recipes_data&quot;.&quot;key&quot;, &quot;recipes_data&quot;.&quot;value&quot; FROM &quot;recipes_data&quot; WHERE &quot;recipes_data&quot;.&quot;key&quot; = openstack_tenant ; args=('openstack_tenant',)&#10;django.db.backends: DEBUG: (0.000) SELECT &quot;recipes_data&quot;.&quot;id&quot;, &quot;recipes_data&quot;.&quot;key&quot;, &quot;recipes_data&quot;.&quot;value&quot; FROM &quot;recipes_data&quot; WHERE &quot;recipes_data&quot;.&quot;key&quot; = openstack_name ; args=('openstack_name',)&#10;django.db.backends: DEBUG: (0.000) SELECT &quot;recipes_data&quot;.&quot;id&quot;, &quot;recipes_data&quot;.&quot;key&quot;, &quot;recipes_data&quot;.&quot;value&quot; FROM &quot;recipes_data&quot; WHERE &quot;recipes_data&quot;.&quot;key&quot; = openstack_password ; args=('openstack_password',)&#10;django.db.backends: DEBUG: (0.000) SELECT &quot;recipes_data&quot;.&quot;id&quot;, &quot;recipes_data&quot;.&quot;key&quot;, &quot;recipes_data&quot;.&quot;value&quot; FROM &quot;recipes_data&quot; WHERE &quot;recipes_data&quot;.&quot;key&quot; = openstack_region ; args=('openstack_region',)&#10;--------------------- &gt;&gt; end captured logging &lt;&lt; ---------------------"><![CDATA[  File "/Library/Frameworks/Python.framework/Versions/2.7/lib/python2.7/unittest/case.py", line 331, in run
    testMethod()
  File "/Users/beatriz.munoz/xifi-uploadrecipes/recipes/tests/test_mpupet.py", line 22, in test_update_master_server
    when(self.data_mocked).objects.thenReturn(mocked_query)
'StubbedInvocation' object has no attribute 'thenReturn'
-------------------- >> begin captured logging << --------------------
django.db.backends: DEBUG: (0.001) SELECT "recipes_data"."id", "recipes_data"."key", "recipes_data"."value" FROM "recipes_data" WHERE "recipes_data"."key" = openstack_url ; args=('openstack_url',)
django.db.backends: DEBUG: (0.000) SELECT "recipes_data"."id", "recipes_data"."key", "recipes_data"."value" FROM "recipes_data" WHERE "recipes_data"."key" = openstack_tenant ; args=('openstack_tenant',)
django.db.backends: DEBUG: (0.000) SELECT "recipes_data"."id", "recipes_data"."key", "recipes_data"."value" FROM "recipes_data" WHERE "recipes_data"."key" = openstack_name ; args=('openstack_name',)
django.db.backends: DEBUG: (0.000) SELECT "recipes_data"."id", "recipes_data"."key", "recipes_data"."value" FROM "recipes_data" WHERE "recipes_data"."key" = openstack_password ; args=('openstack_password',)
django.db.backends: DEBUG: (0.000) SELECT "recipes_data"."id", "recipes_data"."key", "recipes_data"."value" FROM "recipes_data" WHERE "recipes_data"."key" = openstack_region ; args=('openstack_region',)
--------------------- >> end captured logging << ---------------------]]></error></testcase></testsuite>